# JRE version: OpenJDK Runtime Environment Temurin-21.0.11+10 (21.0.11+10) (build 21.0.11+10-LTS)
# Java VM: OpenJDK 64-Bit Server VM Temurin-21.0.11+10 (21.0.11+10-LTS, mixed mode, sharing, tiered, compressed oops, compressed class ptrs, parallel gc, windows-amd64)
GC Precious Log:
 CardTable entry size: 512
 CPUs: 12 total, 12 available
 Memory: 16022M
 Large Page Support: Disabled
 NUMA Support: Disabled
 Compressed Oops: Enabled (32-bit)
 Alignments: Space 512K, Generation 512K, Heap 2M
 Heap Min Capacity: 100M
 Heap Initial Capacity: 100M
 Heap Max Capacity: 2G
 Pre-touch: Disabled
 Parallel Workers: 10
Heap:
 PSYoungGen      total 9728K, used 5321K [0x00000000d5580000, 0x00000000d6c80000, 0x0000000100000000)
  eden space 9216K, 52% used [0x00000000d5580000,0x00000000d5a34fe0,0x00000000d5e80000)
  from space 512K, 98% used [0x00000000d6480000,0x00000000d64fd710,0x00000000d6500000)
  to   space 6144K, 0% used [0x00000000d5e80000,0x00000000d5e80000,0x00000000d6480000)
 ParOldGen       total 68608K, used 55801K [0x0000000080000000, 0x0000000084300000, 0x00000000d5580000)
  object space 68608K, 81% used [0x0000000080000000,0x000000008367e658,0x0000000084300000)
 Metaspace       used 74925K, committed 76608K, reserved 1179648K
  class space    used 8050K, committed 8768K, reserved 1048576K
GC Heap History (20 events):
Event: 93.817 GC heap before
{Heap before GC invocations=50 (full 3):
 PSYoungGen      total 16384K, used 16112K [0x00000000d5580000, 0x00000000d6800000, 0x0000000100000000)
  eden space 14848K, 100% used [0x00000000d5580000,0x00000000d6400000,0x00000000d6400000)
  from space 1536K, 82% used [0x00000000d6680000,0x00000000d67bc1a0,0x00000000d6800000)
  to   space 1536K, 0% used [0x00000000d6500000,0x00000000d6500000,0x00000000d6680000)
 ParOldGen       total 68608K, used 45686K [0x0000000080000000, 0x0000000084300000, 0x00000000d5580000)
  object space 68608K, 66% used [0x0000000080000000,0x0000000082c9dab8,0x0000000084300000)
 Metaspace       used 71443K, committed 72960K, reserved 1114112K
  class space    used 7756K, committed 8384K, reserved 1048576K
}
Event: 93.819 GC heap after
{Heap after GC invocations=50 (full 3):
 PSYoungGen      total 15872K, used 975K [0x00000000d5580000, 0x00000000d6700000, 0x0000000100000000)
  eden space 14848K, 0% used [0x00000000d5580000,0x00000000d5580000,0x00000000d6400000)
  from space 1024K, 95% used [0x00000000d6500000,0x00000000d65f3c58,0x00000000d6600000)
  to   space 1024K, 0% used [0x00000000d6600000,0x00000000d6600000,0x00000000d6700000)
 ParOldGen       total 68608K, used 46722K [0x0000000080000000, 0x0000000084300000, 0x00000000d5580000)
  object space 68608K, 68% used [0x0000000080000000,0x0000000082da08f0,0x0000000084300000)
 Metaspace       used 71443K, committed 72960K, reserved 1114112K
  class space    used 7756K, committed 8384K, reserved 1048576K
}
Event: 131.220 GC heap before
{Heap before GC invocations=51 (full 3):
 PSYoungGen      total 15872K, used 15823K [0x00000000d5580000, 0x00000000d6700000, 0x0000000100000000)
  eden space 14848K, 99% used [0x00000000d5580000,0x00000000d63ffff0,0x00000000d6400000)
  from space 1024K, 95% used [0x00000000d6500000,0x00000000d65f3c58,0x00000000d6600000)
  to   space 1024K, 0% used [0x00000000d6600000,0x00000000d6600000,0x00000000d6700000)
 ParOldGen       total 68608K, used 46722K [0x0000000080000000, 0x0000000084300000, 0x00000000d5580000)
  object space 68608K, 68% used [0x0000000080000000,0x0000000082da08f0,0x0000000084300000)
 Metaspace       used 72334K, committed 73920K, reserved 1179648K
  class space    used 7847K, committed 8512K, reserved 1048576K
}
Event: 131.222 GC heap after
{Heap after GC invocations=51 (full 3):
 PSYoungGen      total 12288K, used 1009K [0x00000000d5580000, 0x00000000d6f00000, 0x0000000100000000)
  eden space 11264K, 0% used [0x00000000d5580000,0x00000000d5580000,0x00000000d6080000)
  from space 1024K, 98% used [0x00000000d6600000,0x00000000d66fc500,0x00000000d6700000)
  to   space 5632K, 0% used [0x00000000d6080000,0x00000000d6080000,0x00000000d6600000)
 ParOldGen       total 68608K, used 50382K [0x0000000080000000, 0x0000000084300000, 0x00000000d5580000)
  object space 68608K, 73% used [0x0000000080000000,0x0000000083133a28,0x0000000084300000)
 Metaspace       used 72334K, committed 73920K, reserved 1179648K
  class space    used 7847K, committed 8512K, reserved 1048576K
}
Event: 135.205 GC heap before
{Heap before GC invocations=52 (full 3):
 PSYoungGen      total 12288K, used 12273K [0x00000000d5580000, 0x00000000d6f00000, 0x0000000100000000)
  eden space 11264K, 100% used [0x00000000d5580000,0x00000000d6080000,0x00000000d6080000)
  from space 1024K, 98% used [0x00000000d6600000,0x00000000d66fc500,0x00000000d6700000)
  to   space 5632K, 0% used [0x00000000d6080000,0x00000000d6080000,0x00000000d6600000)
 ParOldGen       total 68608K, used 50382K [0x0000000080000000, 0x0000000084300000, 0x00000000d5580000)
  object space 68608K, 73% used [0x0000000080000000,0x0000000083133a28,0x0000000084300000)
 Metaspace       used 73052K, committed 74624K, reserved 1179648K
  class space    used 7945K, committed 8640K, reserved 1048576K
}
Event: 135.207 GC heap after
{Heap after GC invocations=52 (full 3):
 PSYoungGen      total 11776K, used 352K [0x00000000d5580000, 0x00000000d6680000, 0x0000000100000000)
  eden space 11264K, 0% used [0x00000000d5580000,0x00000000d5580000,0x00000000d6080000)
  from space 512K, 68% used [0x00000000d6080000,0x00000000d60d8000,0x00000000d6100000)
  to   space 2048K, 0% used [0x00000000d6480000,0x00000000d6480000,0x00000000d6680000)
 ParOldGen       total 68608K, used 50542K [0x0000000080000000, 0x0000000084300000, 0x00000000d5580000)
  object space 68608K, 73% used [0x0000000080000000,0x000000008315ba28,0x0000000084300000)
 Metaspace       used 73052K, committed 74624K, reserved 1179648K
  class space    used 7945K, committed 8640K, reserved 1048576K
}
Event: 136.282 GC heap before
{Heap before GC invocations=53 (full 3):
 PSYoungGen      total 11776K, used 11616K [0x00000000d5580000, 0x00000000d6680000, 0x0000000100000000)
  eden space 11264K, 100% used [0x00000000d5580000,0x00000000d6080000,0x00000000d6080000)
  from space 512K, 68% used [0x00000000d6080000,0x00000000d60d8000,0x00000000d6100000)
  to   space 2048K, 0% used [0x00000000d6480000,0x00000000d6480000,0x00000000d6680000)
 ParOldGen       total 68608K, used 50542K [0x0000000080000000, 0x0000000084300000, 0x00000000d5580000)
  object space 68608K, 73% used [0x0000000080000000,0x000000008315ba28,0x0000000084300000)
 Metaspace       used 73351K, committed 74944K, reserved 1179648K
  class space    used 7982K, committed 8640K, reserved 1048576K
}
Event: 136.284 GC heap after
{Heap after GC invocations=53 (full 3):
 PSYoungGen      total 12288K, used 720K [0x00000000d5580000, 0x00000000d6580000, 0x0000000100000000)
  eden space 11264K, 0% used [0x00000000d5580000,0x00000000d5580000,0x00000000d6080000)
  from space 1024K, 70% used [0x00000000d6480000,0x00000000d6534030,0x00000000d6580000)
  to   space 1024K, 0% used [0x00000000d6380000,0x00000000d6380000,0x00000000d6480000)
 ParOldGen       total 68608K, used 50654K [0x0000000080000000, 0x0000000084300000, 0x00000000d5580000)
  object space 68608K, 73% used [0x0000000080000000,0x0000000083177a28,0x0000000084300000)
 Metaspace       used 73351K, committed 74944K, reserved 1179648K
  class space    used 7982K, committed 8640K, reserved 1048576K
}
Event: 137.904 GC heap before
{Heap before GC invocations=54 (full 3):
 PSYoungGen      total 12288K, used 11984K [0x00000000d5580000, 0x00000000d6580000, 0x0000000100000000)
  eden space 11264K, 100% used [0x00000000d5580000,0x00000000d6080000,0x00000000d6080000)
  from space 1024K, 70% used [0x00000000d6480000,0x00000000d6534030,0x00000000d6580000)
  to   space 1024K, 0% used [0x00000000d6380000,0x00000000d6380000,0x00000000d6480000)
 ParOldGen       total 68608K, used 50654K [0x0000000080000000, 0x0000000084300000, 0x00000000d5580000)
  object space 68608K, 73% used [0x0000000080000000,0x0000000083177a28,0x0000000084300000)
 Metaspace       used 73533K, committed 75200K, reserved 1179648K
  class space    used 7984K, committed 8704K, reserved 1048576K
}
Event: 137.905 GC heap after
{Heap after GC invocations=54 (full 3):
 PSYoungGen      total 12288K, used 320K [0x00000000d5580000, 0x00000000d6500000, 0x0000000100000000)
  eden space 11264K, 0% used [0x00000000d5580000,0x00000000d5580000,0x00000000d6080000)
  from space 1024K, 31% used [0x00000000d6380000,0x00000000d63d0000,0x00000000d6480000)
  to   space 512K, 0% used [0x00000000d6480000,0x00000000d6480000,0x00000000d6500000)
 ParOldGen       total 68608K, used 50910K [0x0000000080000000, 0x0000000084300000, 0x00000000d5580000)
  object space 68608K, 74% used [0x0000000080000000,0x00000000831b7a48,0x0000000084300000)
 Metaspace       used 73533K, committed 75200K, reserved 1179648K
  class space    used 7984K, committed 8704K, reserved 1048576K
}
Event: 140.502 GC heap before
{Heap before GC invocations=55 (full 3):
 PSYoungGen      total 12288K, used 11584K [0x00000000d5580000, 0x00000000d6500000, 0x0000000100000000)
  eden space 11264K, 100% used [0x00000000d5580000,0x00000000d6080000,0x00000000d6080000)
  from space 1024K, 31% used [0x00000000d6380000,0x00000000d63d0000,0x00000000d6480000)
  to   space 512K, 0% used [0x00000000d6480000,0x00000000d6480000,0x00000000d6500000)
 ParOldGen       total 68608K, used 50910K [0x0000000080000000, 0x0000000084300000, 0x00000000d5580000)
  object space 68608K, 74% used [0x0000000080000000,0x00000000831b7a48,0x0000000084300000)
 Metaspace       used 73898K, committed 75520K, reserved 1179648K
  class space    used 7988K, committed 8704K, reserved 1048576K
}
Event: 140.503 GC heap after
{Heap after GC invocations=55 (full 3):
 PSYoungGen      total 11776K, used 448K [0x00000000d5580000, 0x00000000d6500000, 0x0000000100000000)
  eden space 11264K, 0% used [0x00000000d5580000,0x00000000d5580000,0x00000000d6080000)
  from space 512K, 87% used [0x00000000d6480000,0x00000000d64f0000,0x00000000d6500000)
  to   space 512K, 0% used [0x00000000d6400000,0x00000000d6400000,0x00000000d6480000)
 ParOldGen       total 68608K, used 50982K [0x0000000080000000, 0x0000000084300000, 0x00000000d5580000)
  object space 68608K, 74% used [0x0000000080000000,0x00000000831c9a48,0x0000000084300000)
 Metaspace       used 73898K, committed 75520K, reserved 1179648K
  class space    used 7988K, committed 8704K, reserved 1048576K
}
Event: 141.629 GC heap before
{Heap before GC invocations=56 (full 3):
 PSYoungGen      total 11776K, used 11712K [0x00000000d5580000, 0x00000000d6500000, 0x0000000100000000)
  eden space 11264K, 100% used [0x00000000d5580000,0x00000000d6080000,0x00000000d6080000)
  from space 512K, 87% used [0x00000000d6480000,0x00000000d64f0000,0x00000000d6500000)
  to   space 512K, 0% used [0x00000000d6400000,0x00000000d6400000,0x00000000d6480000)
 ParOldGen       total 68608K, used 50982K [0x0000000080000000, 0x0000000084300000, 0x00000000d5580000)
  object space 68608K, 74% used [0x0000000080000000,0x00000000831c9a48,0x0000000084300000)
 Metaspace       used 74089K, committed 75776K, reserved 1179648K
  class space    used 7993K, committed 8704K, reserved 1048576K
}
Event: 141.630 GC heap after
{Heap after GC invocations=56 (full 3):
 PSYoungGen      total 11776K, used 480K [0x00000000d5580000, 0x00000000d6500000, 0x0000000100000000)
  eden space 11264K, 0% used [0x00000000d5580000,0x00000000d5580000,0x00000000d6080000)
  from space 512K, 93% used [0x00000000d6400000,0x00000000d6478000,0x00000000d6480000)
  to   space 512K, 0% used [0x00000000d6480000,0x00000000d6480000,0x00000000d6500000)
 ParOldGen       total 68608K, used 51038K [0x0000000080000000, 0x0000000084300000, 0x00000000d5580000)
  object space 68608K, 74% used [0x0000000080000000,0x00000000831d7a48,0x0000000084300000)
 Metaspace       used 74089K, committed 75776K, reserved 1179648K
  class space    used 7993K, committed 8704K, reserved 1048576K
}
Event: 143.708 GC heap before
{Heap before GC invocations=57 (full 3):
 PSYoungGen      total 11776K, used 11731K [0x00000000d5580000, 0x00000000d6500000, 0x0000000100000000)
  eden space 11264K, 99% used [0x00000000d5580000,0x00000000d607cc30,0x00000000d6080000)
  from space 512K, 93% used [0x00000000d6400000,0x00000000d6478000,0x00000000d6480000)
  to   space 512K, 0% used [0x00000000d6480000,0x00000000d6480000,0x00000000d6500000)
 ParOldGen       total 68608K, used 51038K [0x0000000080000000, 0x0000000084300000, 0x00000000d5580000)
  object space 68608K, 74% used [0x0000000080000000,0x00000000831d7a48,0x0000000084300000)
 Metaspace       used 74306K, committed 75968K, reserved 1179648K
  class space    used 7994K, committed 8704K, reserved 1048576K
}
Event: 143.709 GC heap after
{Heap after GC invocations=57 (full 3):
 PSYoungGen      total 11776K, used 480K [0x00000000d5580000, 0x00000000d6500000, 0x0000000100000000)
  eden space 11264K, 0% used [0x00000000d5580000,0x00000000d5580000,0x00000000d6080000)
  from space 512K, 93% used [0x00000000d6480000,0x00000000d64f8000,0x00000000d6500000)
  to   space 512K, 0% used [0x00000000d6400000,0x00000000d6400000,0x00000000d6480000)
 ParOldGen       total 68608K, used 51126K [0x0000000080000000, 0x0000000084300000, 0x00000000d5580000)
  object space 68608K, 74% used [0x0000000080000000,0x00000000831eda48,0x0000000084300000)
 Metaspace       used 74306K, committed 75968K, reserved 1179648K
  class space    used 7994K, committed 8704K, reserved 1048576K
}
Event: 146.231 GC heap before
{Heap before GC invocations=58 (full 3):
 PSYoungGen      total 11776K, used 11744K [0x00000000d5580000, 0x00000000d6500000, 0x0000000100000000)
  eden space 11264K, 100% used [0x00000000d5580000,0x00000000d6080000,0x00000000d6080000)
  from space 512K, 93% used [0x00000000d6480000,0x00000000d64f8000,0x00000000d6500000)
  to   space 512K, 0% used [0x00000000d6400000,0x00000000d6400000,0x00000000d6480000)
 ParOldGen       total 68608K, used 51126K [0x0000000080000000, 0x0000000084300000, 0x00000000d5580000)
  object space 68608K, 74% used [0x0000000080000000,0x00000000831eda48,0x0000000084300000)
 Metaspace       used 74422K, committed 76032K, reserved 1179648K
  class space    used 7994K, committed 8704K, reserved 1048576K
}
Event: 146.233 GC heap after
{Heap after GC invocations=58 (full 3):
 PSYoungGen      total 11776K, used 512K [0x00000000d5580000, 0x00000000d6500000, 0x0000000100000000)
  eden space 11264K, 0% used [0x00000000d5580000,0x00000000d5580000,0x00000000d6080000)
  from space 512K, 100% used [0x00000000d6400000,0x00000000d6480000,0x00000000d6480000)
  to   space 512K, 0% used [0x00000000d6480000,0x00000000d6480000,0x00000000d6500000)
 ParOldGen       total 68608K, used 51206K [0x0000000080000000, 0x0000000084300000, 0x00000000d5580000)
  object space 68608K, 74% used [0x0000000080000000,0x0000000083201a48,0x0000000084300000)
 Metaspace       used 74422K, committed 76032K, reserved 1179648K
  class space    used 7994K, committed 8704K, reserved 1048576K
}
Event: 153.823 GC heap before
{Heap before GC invocations=59 (full 3):
 PSYoungGen      total 11776K, used 11776K [0x00000000d5580000, 0x00000000d6500000, 0x0000000100000000)
  eden space 11264K, 100% used [0x00000000d5580000,0x00000000d6080000,0x00000000d6080000)
  from space 512K, 100% used [0x00000000d6400000,0x00000000d6480000,0x00000000d6480000)
  to   space 512K, 0% used [0x00000000d6480000,0x00000000d6480000,0x00000000d6500000)
 ParOldGen       total 68608K, used 51206K [0x0000000080000000, 0x0000000084300000, 0x00000000d5580000)
  object space 68608K, 74% used [0x0000000080000000,0x0000000083201a48,0x0000000084300000)
 Metaspace       used 74794K, committed 76480K, reserved 1179648K
  class space    used 8048K, committed 8768K, reserved 1048576K
}
Event: 153.826 GC heap after
{Heap after GC invocations=59 (full 3):
 PSYoungGen      total 9728K, used 501K [0x00000000d5580000, 0x00000000d6c80000, 0x0000000100000000)
  eden space 9216K, 0% used [0x00000000d5580000,0x00000000d5580000,0x00000000d5e80000)
  from space 512K, 98% used [0x00000000d6480000,0x00000000d64fd710,0x00000000d6500000)
  to   space 6144K, 0% used [0x00000000d5e80000,0x00000000d5e80000,0x00000000d6480000)
 ParOldGen       total 68608K, used 55801K [0x0000000080000000, 0x0000000084300000, 0x00000000d5580000)
  object space 68608K, 81% used [0x0000000080000000,0x000000008367e658,0x0000000084300000)
 Metaspace       used 74794K, committed 76480K, reserved 1179648K
  class space    used 8048K, committed 8768K, reserved 1048576K
}

